<?xml version="1.0" encoding="UTF-8"?>
<!-- Generated by org.testng.reporters.JUnitReportReporter -->
<testsuite hostname="Mirouflyers-MacBook-Pro.local" failures="0" tests="1" name="advancedSearchTest.advancedSearchTest" time="5.934" errors="0" timestamp="18 Mar 2021 23:12:25 GMT" skipped="0">
  <testcase classname="advancedSearchTest.advancedSearchTest" name="keywordsIsDisplayedTest" time="5.934"/>
</testsuite> <!-- advancedSearchTest.advancedSearchTest -->
